<?xml version="1.0" encoding="UTF-8"?>
<testng-results skipped="0" failed="0" total="0" passed="0">
  <reporter-output>
  </reporter-output>
  <suite name="Julybatch" duration-ms="669" started-at="2016-08-19T13:36:29Z" finished-at="2016-08-19T13:36:30Z">
    <groups>
      <group name="smoke">
        <method signature="Scenario_Search.test_InvalidSearch(java.lang.String, java.lang.String, java.lang.String, java.lang.String)[pri:0, instance:scenario_Component.Scenario_Search@1832929]" name="test_InvalidSearch" class="scenario_Component.Scenario_Search"/>
      </group> <!-- smoke -->
    </groups>
    <test name="RegSet1" duration-ms="669" started-at="2016-08-19T13:36:29Z" finished-at="2016-08-19T13:36:30Z">
    </test> <!-- RegSet1 -->
  </suite> <!-- Julybatch -->
</testng-results>
